=== Suspicious Termination ===
Time: Sat May 17 20:23:07 2025
Signal: 2
Execution Trace:
Final Hash: d11e5d0641ca963656a526bf316434f141da3b5798f545eac8c8587534f0a8d8
==============================

=== Suspicious Termination ===
Time: Mon May 19 10:25:32 2025
Signal: 2
Execution Trace:
Final Hash: d11e5d0641ca963656a526bf316434f141da3b5798f545eac8c8587534f0a8d8
==============================

=== Suspicious Termination ===
Time: Mon May 19 10:29:25 2025
Signal: 2
Execution Trace:
Final Hash: d11e5d0641ca963656a526bf316434f141da3b5798f545eac8c8587534f0a8d8
==============================

=== Suspicious Termination ===
Time: Mon May 19 11:21:40 2025
Signal: 2
Execution Trace:
Final Hash: d11e5d0641ca963656a526bf316434f141da3b5798f545eac8c8587534f0a8d8
==============================

=== Suspicious Termination ===
Time: Mon May 19 12:57:39 2025
Signal: 6
Execution Trace:
Final Hash: d11e5d0641ca963656a526bf316434f141da3b5798f545eac8c8587534f0a8d8
==============================

=== Suspicious Termination ===
Time: Mon May 19 13:00:20 2025
Signal: 17
Execution Trace:
Final Hash: 506bbe25805bc3a2814307196b0c77613869a17c935b965dc768535af0c4efaf
==============================

=== Suspicious Termination ===
Time: Mon May 19 13:04:18 2025
Signal: 17
Execution Trace:
Final Hash: 506bbe25805bc3a2814307196b0c77613869a17c935b965dc768535af0c4efaf
==============================

=== Suspicious Termination ===
Time: Mon May 19 13:07:27 2025
Signal: 17
Execution Trace:
Final Hash: 0ff7f907f60bd5430cd5572382be3e784aaada06be0ef8b57d25f09529b24e55
==============================

=== Suspicious Termination ===
Time: Mon May 19 14:49:34 2025
Signal: 17
Execution Trace:
Final Hash: 506bbe25805bc3a2814307196b0c77613869a17c935b965dc768535af0c4efaf
==============================

=== Suspicious Termination ===
Time: Mon May 19 14:50:57 2025
Signal: 17
Execution Trace:
Final Hash: 506bbe25805bc3a2814307196b0c77613869a17c935b965dc768535af0c4efaf
==============================

=== Suspicious Termination ===
Time: Mon May 19 14:57:36 2025
Signal: 17
Execution Trace:
Final Hash: 506bbe25805bc3a2814307196b0c77613869a17c935b965dc768535af0c4efaf
==============================

=== Suspicious Termination ===
Time: Mon May 19 15:00:31 2025
Signal: 17
Execution Trace:
Final Hash: 506bbe25805bc3a2814307196b0c77613869a17c935b965dc768535af0c4efaf
==============================

=== Suspicious Termination ===
Time: Mon May 19 15:15:06 2025
Signal: 17
Execution Trace:
Final Hash: 506bbe25805bc3a2814307196b0c77613869a17c935b965dc768535af0c4efaf
==============================

=== Suspicious Termination ===
Time: Mon May 19 15:18:11 2025
Signal: 17
Execution Trace:
Final Hash: 506bbe25805bc3a2814307196b0c77613869a17c935b965dc768535af0c4efaf
==============================

